Using pre-set license
Built from '2022.3/staging' branch; Version is '2022.3.8f1 (b5eafc012955) revision 11922172'; Using compiler version '192829333'; Build Type 'Release'
OS: 'Windows 11  (10.0.22621) 64bit Core' Language: 'fr' Physical Memory: 16124 MB
BatchMode: 1, IsHumanControllingUs: 0, StartBugReporterOnCrash: 0, Is64bit: 1, IsPro: 1

COMMAND LINE ARGUMENTS:
C:\Program Files\Unity\Hub\Editor\2022.3.8f1\Editor\Unity.exe
-adb2
-batchMode
-noUpm
-name
AssetImportWorker1
-projectPath
C:/Users/simon/Prog-5eSession/jeuVideo/PFI2_JeuxVideo/PFI2
-logFile
Logs/AssetImportWorker1.log
-srvPort
51014
Successfully changed project path to: C:/Users/simon/Prog-5eSession/jeuVideo/PFI2_JeuxVideo/PFI2
C:/Users/simon/Prog-5eSession/jeuVideo/PFI2_JeuxVideo/PFI2
[UnityMemory] Configuration Parameters - Can be set up in boot.config
    "memorysetup-bucket-allocator-granularity=16"
    "memorysetup-bucket-allocator-bucket-count=8"
    "memorysetup-bucket-allocator-block-size=33554432"
    "memorysetup-bucket-allocator-block-count=8"
    "memorysetup-main-allocator-block-size=16777216"
    "memorysetup-thread-allocator-block-size=16777216"
    "memorysetup-gfx-main-allocator-block-size=16777216"
    "memorysetup-gfx-thread-allocator-block-size=16777216"
    "memorysetup-cache-allocator-block-size=4194304"
    "memorysetup-typetree-allocator-block-size=2097152"
    "memorysetup-profiler-bucket-allocator-granularity=16"
    "memorysetup-profiler-bucket-allocator-bucket-count=8"
    "memorysetup-profiler-bucket-allocator-block-size=33554432"
    "memorysetup-profiler-bucket-allocator-block-count=8"
    "memorysetup-profiler-allocator-block-size=16777216"
    "memorysetup-profiler-editor-allocator-block-size=1048576"
    "memorysetup-temp-allocator-size-main=16777216"
    "memorysetup-job-temp-allocator-block-size=2097152"
    "memorysetup-job-temp-allocator-block-size-background=1048576"
    "memorysetup-job-temp-allocator-reduction-small-platforms=262144"
    "memorysetup-allocator-temp-initial-block-size-main=262144"
    "memorysetup-allocator-temp-initial-block-size-worker=262144"
    "memorysetup-temp-allocator-size-background-worker=32768"
    "memorysetup-temp-allocator-size-job-worker=262144"
    "memorysetup-temp-allocator-size-preload-manager=33554432"
    "memorysetup-temp-allocator-size-nav-mesh-worker=65536"
    "memorysetup-temp-allocator-size-audio-worker=65536"
    "memorysetup-temp-allocator-size-cloud-worker=32768"
    "memorysetup-temp-allocator-size-gi-baking-worker=262144"
    "memorysetup-temp-allocator-size-gfx=262144"
Player connection [13384] Host "[IP] 172.22.158.10 [Port] 0 [Flags] 2 [Guid] 1231969561 [EditorId] 1231969561 [Version] 1048832 [Id] WindowsEditor(7,HPDeSimon) [Debug] 1 [PackageName] WindowsEditor [ProjectName] Editor" joined multi-casting on [225.0.0.222:54997]...

Player connection [13384] Host "[IP] 172.22.158.10 [Port] 0 [Flags] 2 [Guid] 1231969561 [EditorId] 1231969561 [Version] 1048832 [Id] WindowsEditor(7,HPDeSimon) [Debug] 1 [PackageName] WindowsEditor [ProjectName] Editor" joined alternative multi-casting on [225.0.0.222:34997]...

[Physics::Module] Initialized MultithreadedJobDispatcher with 7 workers.
Refreshing native plugins compatible for Editor in 9.01 ms, found 3 plugins.
Preloading 0 native plugins for Editor in 0.00 ms.
Initialize engine version: 2022.3.8f1 (b5eafc012955)
[Subsystems] Discovering subsystems at path C:/Program Files/Unity/Hub/Editor/2022.3.8f1/Editor/Data/Resources/UnitySubsystems
[Subsystems] Discovering subsystems at path C:/Users/simon/Prog-5eSession/jeuVideo/PFI2_JeuxVideo/PFI2/Assets
GfxDevice: creating device client; threaded=0; jobified=0
Direct3D:
    Version:  Direct3D 11.0 [level 11.1]
    Renderer: Intel(R) Iris(R) Xe Graphics (ID=0x9a49)
    Vendor:   Intel
    VRAM:     8062 MB
    Driver:   31.0.101.4502
Initialize mono
Mono path[0] = 'C:/Program Files/Unity/Hub/Editor/2022.3.8f1/Editor/Data/Managed'
Mono path[1] = 'C:/Program Files/Unity/Hub/Editor/2022.3.8f1/Editor/Data/MonoBleedingEdge/lib/mono/unityjit-win32'
Mono config path = 'C:/Program Files/Unity/Hub/Editor/2022.3.8f1/Editor/Data/MonoBleedingEdge/etc'
Using monoOptions --debugger-agent=transport=dt_socket,embedding=1,server=y,suspend=n,address=127.0.0.1:56508
Begin MonoManager ReloadAssembly
Registering precompiled unity dll's ...
Register platform support module: C:/Program Files/Unity/Hub/Editor/2022.3.8f1/Editor/Data/PlaybackEngines/WindowsStandaloneSupport/UnityEditor.WindowsStandalone.Extensions.dll
Registered in 0.009477 seconds.
- Loaded All Assemblies, in  0.492 seconds
Native extension for WindowsStandalone target not found
Mono: successfully reloaded assembly
- Finished resetting the current domain, in  0.374 seconds
Domain Reload Profiling: 864ms
	BeginReloadAssembly (157ms)
		ExecutionOrderSort (0ms)
		DisableScriptedObjects (0ms)
		BackupInstance (0ms)
		ReleaseScriptingObjects (0ms)
		CreateAndSetChildDomain (1ms)
	RebuildCommonClasses (60ms)
	RebuildNativeTypeToScriptingClass (22ms)
	initialDomainReloadingComplete (100ms)
	LoadAllAssembliesAndSetupDomain (150ms)
		LoadAssemblies (154ms)
		RebuildTransferFunctionScriptingTraits (0ms)
		AnalyzeDomain (148ms)
			TypeCache.Refresh (147ms)
				TypeCache.ScanAssembly (133ms)
			ScanForSourceGeneratedMonoScriptInfo (0ms)
			ResolveRequiredComponents (1ms)
	FinalizeReload (374ms)
		ReleaseScriptCaches (0ms)
		RebuildScriptCaches (0ms)
		SetupLoadedEditorAssemblies (273ms)
			LogAssemblyErrors (0ms)
			InitializePlatformSupportModulesInManaged (11ms)
			SetLoadedEditorAssemblies (11ms)
			RefreshPlugins (0ms)
			BeforeProcessingInitializeOnLoad (3ms)
			ProcessInitializeOnLoadAttributes (180ms)
			ProcessInitializeOnLoadMethodAttributes (67ms)
			AfterProcessingInitializeOnLoad (0ms)
			EditorAssembliesLoaded (0ms)
		ExecutionOrderSort2 (0ms)
		AwakeInstancesAfterBackupRestoration (0ms)
========================================================================
Worker process is ready to serve import requests
Begin MonoManager ReloadAssembly
- Loaded All Assemblies, in  1.122 seconds
Refreshing native plugins compatible for Editor in 5.22 ms, found 3 plugins.
Native extension for WindowsStandalone target not found
Package Manager log level set to [2]
[Package Manager] Server::EnsureServerProcessIsRunning -- launch failed, reason: Unity was launched with the -noUpm command-line argument
[Package Manager] UpmClient::Send -- Unable to send message (not connected to UPM process).
[Package Manager] Cannot connect to Unity Package Manager local server
Mono: successfully reloaded assembly
- Finished resetting the current domain, in  1.097 seconds
Domain Reload Profiling: 2217ms
	BeginReloadAssembly (349ms)
		ExecutionOrderSort (0ms)
		DisableScriptedObjects (10ms)
		BackupInstance (0ms)
		ReleaseScriptingObjects (0ms)
		CreateAndSetChildDomain (55ms)
	RebuildCommonClasses (87ms)
	RebuildNativeTypeToScriptingClass (25ms)
	initialDomainReloadingComplete (92ms)
	LoadAllAssembliesAndSetupDomain (567ms)
		LoadAssemblies (468ms)
		RebuildTransferFunctionScriptingTraits (0ms)
		AnalyzeDomain (296ms)
			TypeCache.Refresh (251ms)
				TypeCache.ScanAssembly (230ms)
			ScanForSourceGeneratedMonoScriptInfo (35ms)
			ResolveRequiredComponents (8ms)
	FinalizeReload (1097ms)
		ReleaseScriptCaches (0ms)
		RebuildScriptCaches (0ms)
		SetupLoadedEditorAssemblies (793ms)
			LogAssemblyErrors (0ms)
			InitializePlatformSupportModulesInManaged (19ms)
			SetLoadedEditorAssemblies (11ms)
			RefreshPlugins (0ms)
			BeforeProcessingInitializeOnLoad (127ms)
			ProcessInitializeOnLoadAttributes (597ms)
			ProcessInitializeOnLoadMethodAttributes (29ms)
			AfterProcessingInitializeOnLoad (9ms)
			EditorAssembliesLoaded (0ms)
		ExecutionOrderSort2 (0ms)
		AwakeInstancesAfterBackupRestoration (11ms)
Launched and connected shader compiler UnityShaderCompiler.exe after 0.06 seconds
Refreshing native plugins compatible for Editor in 3.69 ms, found 3 plugins.
Preloading 0 native plugins for Editor in 0.00 ms.
Unloading 3864 Unused Serialized files (Serialized files now loaded: 0)
Unloading 43 unused Assets / (106.1 KB). Loaded Objects now: 4328.
Memory consumption went from 138.8 MB to 138.7 MB.
Total: 4.458600 ms (FindLiveObjects: 0.405100 ms CreateObjectMapping: 0.339200 ms MarkObjects: 3.552000 ms  DeleteObjects: 0.160800 ms)

AssetImportParameters requested are different than current active one (requested -> active):
  custom:container-demuxer-ogg: 62fdf1f143b41e24485cea50d1cbac27 -> 
  custom:video-decoder-ogg-theora: a1e56fd34408186e4bbccfd4996cb3dc -> 
  custom:framework-win-MediaFoundation: 216162199b28c13a410421893ffa2e32 -> 
  custom:CustomObjectIndexerAttribute: 756ad292c208cfabdd7b50bc23989ffe -> 
  custom:container-demuxer-webm: 4f35f7cbe854078d1ac9338744f61a02 -> 
  custom:container-muxer-webm: aa71ff27fc2769a1b78a27578f13a17b -> 
  custom:video-decoder-webm-vp8: 9c59270c3fd7afecdb556c50c9e8de78 -> 
  custom:SearchIndexIgnoredProperties: e643bd26f0fe6173181afceb89e7c659 -> 
  custom:AudioImporter_EditorPlatform: d09bf68614088b80899f8185d706f6e7 -> 
  custom:video-encoder-webm-vp8: eb34c28f22e8b96e1ab97ce403110664 -> 
  custom:audio-decoder-ogg-vorbis: bf7c407c2cedff20999df2af8eb42d56 -> 
  custom:audio-encoder-webm-vorbis: bf7c407c2cedff20999df2af8eb42d56 -> 
========================================================================
Received Import Request.
  Time since last request: 1754.197249 seconds.
  path: Assets/MinimalistBedroom/Scenes
  artifactKey: Guid(ee34dea8d6442054e89646e2399aa1f9) Importer(815301076,1909f56bfc062723c751e8b465ee728b)
Start importing Assets/MinimalistBedroom/Scenes using Guid(ee34dea8d6442054e89646e2399aa1f9) Importer(815301076,1909f56bfc062723c751e8b465ee728b)  -> (artifact id: '0ecf94fd5eff9d8807fe5798f10c5ad6') in 0.002720 seconds
Number of updated asset objects reloaded before import = 0
Number of asset objects unloaded after import = 0
========================================================================
Received Import Request.
  Time since last request: 0.000061 seconds.
  path: Assets/MinimalistBedroom/Scenes/TheMinmalist_Mian.unity
  artifactKey: Guid(42fa4072cf98a9b4aaa9b41fad4307c1) Importer(815301076,1909f56bfc062723c751e8b465ee728b)
Start importing Assets/MinimalistBedroom/Scenes/TheMinmalist_Mian.unity using Guid(42fa4072cf98a9b4aaa9b41fad4307c1) Importer(815301076,1909f56bfc062723c751e8b465ee728b)  -> (artifact id: 'ccd7f5f15ada89493fe9cf9214eed442') in 0.000755 seconds
Number of updated asset objects reloaded before import = 0
Number of asset objects unloaded after import = 0
========================================================================
Received Import Request.
  Time since last request: 25.186450 seconds.
  path: Assets/MinimalistBedroom/Textures/Fabric/FabricWrinkled_2k/FabricWrinkled_height_2k.png
  artifactKey: Guid(169044e7ff448ea4c83a57520b02bacd) Importer(815301076,1909f56bfc062723c751e8b465ee728b)
Start importing Assets/MinimalistBedroom/Textures/Fabric/FabricWrinkled_2k/FabricWrinkled_height_2k.png using Guid(169044e7ff448ea4c83a57520b02bacd) Importer(815301076,1909f56bfc062723c751e8b465ee728b)  -> (artifact id: 'ed9290e07eee3e923413baa5e6ee5cee') in 0.078494 seconds
Number of updated asset objects reloaded before import = 0
Number of asset objects unloaded after import = 2
========================================================================
Received Import Request.
  Time since last request: 0.000026 seconds.
  path: Assets/MinimalistBedroom/Textures/Fabric/FabricWrinkled_2k/FabricWrinkled_metalic_2k.png
  artifactKey: Guid(7196b395be741234e8e2dba248da3d6a) Importer(815301076,1909f56bfc062723c751e8b465ee728b)
Start importing Assets/MinimalistBedroom/Textures/Fabric/FabricWrinkled_2k/FabricWrinkled_metalic_2k.png using Guid(7196b395be741234e8e2dba248da3d6a) Importer(815301076,1909f56bfc062723c751e8b465ee728b)  -> (artifact id: '23ac766c7c95d58b63d47bbc178eb34c') in 0.024330 seconds
Number of updated asset objects reloaded before import = 0
Number of asset objects unloaded after import = 2
========================================================================
Received Import Request.
  Time since last request: 1.435430 seconds.
  path: Assets/MinimalistBedroom/Textures/Fabric/FabricClothes_1k/FabricClothes_baseColour_1k.png
  artifactKey: Guid(1bf24b8ce97ac404589ae1e2c4dcc8b7) Importer(815301076,1909f56bfc062723c751e8b465ee728b)
Start importing Assets/MinimalistBedroom/Textures/Fabric/FabricClothes_1k/FabricClothes_baseColour_1k.png using Guid(1bf24b8ce97ac404589ae1e2c4dcc8b7) Importer(815301076,1909f56bfc062723c751e8b465ee728b)  -> (artifact id: 'c14642314bf634292df6fea197e9c781') in 0.026434 seconds
Number of updated asset objects reloaded before import = 0
Number of asset objects unloaded after import = 2
========================================================================
Received Import Request.
  Time since last request: 0.000017 seconds.
  path: Assets/MinimalistBedroom/Textures/Fabric/FabricClothes_1k/FabricClothes_height_1k.png
  artifactKey: Guid(be70ab9742658894cbafc99b23c77798) Importer(815301076,1909f56bfc062723c751e8b465ee728b)
Start importing Assets/MinimalistBedroom/Textures/Fabric/FabricClothes_1k/FabricClothes_height_1k.png using Guid(be70ab9742658894cbafc99b23c77798) Importer(815301076,1909f56bfc062723c751e8b465ee728b)  -> (artifact id: '782997a63bdc6ccf595ea389b4e3b07d') in 0.025735 seconds
Number of updated asset objects reloaded before import = 0
Number of asset objects unloaded after import = 2
========================================================================
Received Prepare
Refreshing native plugins compatible for Editor in 3.37 ms, found 3 plugins.
Preloading 0 native plugins for Editor in 0.00 ms.
Unloading 1 Unused Serialized files (Serialized files now loaded: 0)
Unloading 2 unused Assets / (50.1 KB). Loaded Objects now: 4332.
Memory consumption went from 73.2 MB to 73.1 MB.
Total: 5.288800 ms (FindLiveObjects: 0.351000 ms CreateObjectMapping: 0.169200 ms MarkObjects: 4.662500 ms  DeleteObjects: 0.104600 ms)

Prepare: number of updated asset objects reloaded= 0
AssetImportParameters requested are different than current active one (requested -> active):
  colorSpace: 1 -> 0
  custom:container-demuxer-ogg: 62fdf1f143b41e24485cea50d1cbac27 -> 
  custom:video-decoder-ogg-theora: a1e56fd34408186e4bbccfd4996cb3dc -> 
  custom:framework-win-MediaFoundation: 216162199b28c13a410421893ffa2e32 -> 
  custom:CustomObjectIndexerAttribute: 756ad292c208cfabdd7b50bc23989ffe -> 
  custom:container-demuxer-webm: 4f35f7cbe854078d1ac9338744f61a02 -> 
  custom:container-muxer-webm: aa71ff27fc2769a1b78a27578f13a17b -> 
  custom:video-decoder-webm-vp8: 9c59270c3fd7afecdb556c50c9e8de78 -> 
  custom:SearchIndexIgnoredProperties: e643bd26f0fe6173181afceb89e7c659 -> 
  custom:AudioImporter_EditorPlatform: d09bf68614088b80899f8185d706f6e7 -> 
  custom:video-encoder-webm-vp8: eb34c28f22e8b96e1ab97ce403110664 -> 
  custom:graphics/active-color-space: 03000000000000000000000000000000 -> 02000000000000000000000000000000
  custom:audio-decoder-ogg-vorbis: bf7c407c2cedff20999df2af8eb42d56 -> 
  custom:audio-encoder-webm-vorbis: bf7c407c2cedff20999df2af8eb42d56 -> 
========================================================================
Received Import Request.
  Time since last request: 269.297895 seconds.
  path: Assets/MinimalistBedroom/Materials/Fabric/FabrickClothes_1k/FabricClothes_1k_02.mat
  artifactKey: Guid(9dd0aaabebdff3d43a0d1b50e69001ef) Importer(815301076,1909f56bfc062723c751e8b465ee728b)
Start importing Assets/MinimalistBedroom/Materials/Fabric/FabrickClothes_1k/FabricClothes_1k_02.mat using Guid(9dd0aaabebdff3d43a0d1b50e69001ef) Importer(815301076,1909f56bfc062723c751e8b465ee728b)  -> (artifact id: '5aa35a59aae393977cae479d287a0521') in 0.083733 seconds
Number of updated asset objects reloaded before import = 0
Number of asset objects unloaded after import = 6
========================================================================
Received Import Request.
  Time since last request: 12.198913 seconds.
  path: Assets/MinimalistBedroom/Materials/Wood/Plywood_1k/Plywood_1k_02.mat
  artifactKey: Guid(693a082bdb248ea48b75807240e1dc78) Importer(815301076,1909f56bfc062723c751e8b465ee728b)
Start importing Assets/MinimalistBedroom/Materials/Wood/Plywood_1k/Plywood_1k_02.mat using Guid(693a082bdb248ea48b75807240e1dc78) Importer(815301076,1909f56bfc062723c751e8b465ee728b)  -> (artifact id: 'e57d8a937fa07ff73f646effbf64011b') in 0.017241 seconds
Number of updated asset objects reloaded before import = 0
Number of asset objects unloaded after import = 4
========================================================================
Received Import Request.
  Time since last request: 16.997994 seconds.
  path: Assets/MinimalistBedroom/Materials/Misc/GlassFaded_01.mat
  artifactKey: Guid(a122f1f7919c9e04bb73269738422ca2) Importer(815301076,1909f56bfc062723c751e8b465ee728b)
Start importing Assets/MinimalistBedroom/Materials/Misc/GlassFaded_01.mat using Guid(a122f1f7919c9e04bb73269738422ca2) Importer(815301076,1909f56bfc062723c751e8b465ee728b)  -> (artifact id: '891f1ab68f42007208821f39502edd16') in 0.011106 seconds
Number of updated asset objects reloaded before import = 0
Number of asset objects unloaded after import = 1
========================================================================
Received Import Request.
  Time since last request: 0.000021 seconds.
  path: Assets/MinimalistBedroom/Materials/Misc/GlassFaded_02.mat
  artifactKey: Guid(f16b29304c8a02d438afcb81820eee53) Importer(815301076,1909f56bfc062723c751e8b465ee728b)
Start importing Assets/MinimalistBedroom/Materials/Misc/GlassFaded_02.mat using Guid(f16b29304c8a02d438afcb81820eee53) Importer(815301076,1909f56bfc062723c751e8b465ee728b)  -> (artifact id: '10abef304869da3afc036ee1306e30b0') in 0.010897 seconds
Number of updated asset objects reloaded before import = 0
Number of asset objects unloaded after import = 1
========================================================================
Received Import Request.
  Time since last request: 0.000118 seconds.
  path: Assets/MinimalistBedroom/Materials/Misc/White_01.mat
  artifactKey: Guid(95323b253844fc94f8a7672ec860f42b) Importer(815301076,1909f56bfc062723c751e8b465ee728b)
Start importing Assets/MinimalistBedroom/Materials/Misc/White_01.mat using Guid(95323b253844fc94f8a7672ec860f42b) Importer(815301076,1909f56bfc062723c751e8b465ee728b)  -> (artifact id: '97fdfa783beef9d42f8dc5a775370637') in 0.011894 seconds
Number of updated asset objects reloaded before import = 0
Number of asset objects unloaded after import = 1
========================================================================
Received Import Request.
  Time since last request: 49.684270 seconds.
  path: Assets/MinimalistBedroom/Textures/Fabric/FabricClothes_1k/FabricClothes_baseColour_1k.png
  artifactKey: Guid(1bf24b8ce97ac404589ae1e2c4dcc8b7) Importer(815301076,1909f56bfc062723c751e8b465ee728b)
Start importing Assets/MinimalistBedroom/Textures/Fabric/FabricClothes_1k/FabricClothes_baseColour_1k.png using Guid(1bf24b8ce97ac404589ae1e2c4dcc8b7) Importer(815301076,1909f56bfc062723c751e8b465ee728b)  -> (artifact id: 'fbe376f145bf68a0a05f204085b11fbe') in 0.029598 seconds
Number of updated asset objects reloaded before import = 0
Number of asset objects unloaded after import = 2
========================================================================
Received Import Request.
  Time since last request: 0.000022 seconds.
  path: Assets/MinimalistBedroom/Textures/Fabric/FabricClothes_1k/FabricClothes_height_1k.png
  artifactKey: Guid(be70ab9742658894cbafc99b23c77798) Importer(815301076,1909f56bfc062723c751e8b465ee728b)
Start importing Assets/MinimalistBedroom/Textures/Fabric/FabricClothes_1k/FabricClothes_height_1k.png using Guid(be70ab9742658894cbafc99b23c77798) Importer(815301076,1909f56bfc062723c751e8b465ee728b)  -> (artifact id: '85c203c8b7b415636c6c3863b2b89a83') in 0.028530 seconds
Number of updated asset objects reloaded before import = 0
Number of asset objects unloaded after import = 2
========================================================================
Received Import Request.
  Time since last request: 236.713092 seconds.
  path: Assets/MinimalistBedroom/Textures/Nature/Bark_1k/Bark_baseColour_1k.png
  artifactKey: Guid(1cd05588e9bbc1c448b52bf67b16ef1b) Importer(815301076,1909f56bfc062723c751e8b465ee728b)
Start importing Assets/MinimalistBedroom/Textures/Nature/Bark_1k/Bark_baseColour_1k.png using Guid(1cd05588e9bbc1c448b52bf67b16ef1b) Importer(815301076,1909f56bfc062723c751e8b465ee728b)  -> (artifact id: 'e314fec1a80643101df67ec339aa3267') in 0.023671 seconds
Number of updated asset objects reloaded before import = 0
Number of asset objects unloaded after import = 2
========================================================================
Received Import Request.
  Time since last request: 0.000019 seconds.
  path: Assets/MinimalistBedroom/Textures/Misc/CandleWaxDripping_512/candle_wax_Height_512.png
  artifactKey: Guid(aea8b9b153cce03428d155b7cb10b948) Importer(815301076,1909f56bfc062723c751e8b465ee728b)
Start importing Assets/MinimalistBedroom/Textures/Misc/CandleWaxDripping_512/candle_wax_Height_512.png using Guid(aea8b9b153cce03428d155b7cb10b948) Importer(815301076,1909f56bfc062723c751e8b465ee728b)  -> (artifact id: '76d39fb21ebf8567b5af73adb96bbc49') in 0.024654 seconds
Number of updated asset objects reloaded before import = 0
Number of asset objects unloaded after import = 2
========================================================================
Received Import Request.
  Time since last request: 0.000098 seconds.
  path: Assets/MinimalistBedroom/Textures/Nature/Bark_1k/Bark_metalic_1k.png
  artifactKey: Guid(b7e4903760d63874cb4e750588ec9d5b) Importer(815301076,1909f56bfc062723c751e8b465ee728b)
Start importing Assets/MinimalistBedroom/Textures/Nature/Bark_1k/Bark_metalic_1k.png using Guid(b7e4903760d63874cb4e750588ec9d5b) Importer(815301076,1909f56bfc062723c751e8b465ee728b)  -> (artifact id: '2be3c9e32e2d76bcae65074ffeb81f24') in 0.032084 seconds
Number of updated asset objects reloaded before import = 0
Number of asset objects unloaded after import = 2
========================================================================
Received Import Request.
  Time since last request: 0.000029 seconds.
  path: Assets/MinimalistBedroom/Textures/Nature/Bark_1k/Bark_height_1K.png
  artifactKey: Guid(5387b02537aedd34c87fee707a8c0345) Importer(815301076,1909f56bfc062723c751e8b465ee728b)
Start importing Assets/MinimalistBedroom/Textures/Nature/Bark_1k/Bark_height_1K.png using Guid(5387b02537aedd34c87fee707a8c0345) Importer(815301076,1909f56bfc062723c751e8b465ee728b)  -> (artifact id: 'f52307ff0146f26d3587483fa7dca4e5') in 0.020752 seconds
Number of updated asset objects reloaded before import = 0
Number of asset objects unloaded after import = 2
========================================================================
Received Import Request.
  Time since last request: 1.057290 seconds.
  path: Assets/MinimalistBedroom/Textures/Misc/CandleWaxDripping_512/candle_wax_Roughness_512.png
  artifactKey: Guid(aa9d25ec27286fe409c967f59c9a6eaa) Importer(815301076,1909f56bfc062723c751e8b465ee728b)
Start importing Assets/MinimalistBedroom/Textures/Misc/CandleWaxDripping_512/candle_wax_Roughness_512.png using Guid(aa9d25ec27286fe409c967f59c9a6eaa) Importer(815301076,1909f56bfc062723c751e8b465ee728b)  -> (artifact id: '673ee48ba41a51d2485eae90a79f8904') in 0.021975 seconds
Number of updated asset objects reloaded before import = 0
Number of asset objects unloaded after import = 2
========================================================================
Received Import Request.
  Time since last request: 0.820546 seconds.
  path: Assets/MinimalistBedroom/Textures/Misc/DirtyWindow_2k/DirtyWindow_metalic2_2k.png
  artifactKey: Guid(b6e50ad4a5bc74e45a67e8291c51c385) Importer(815301076,1909f56bfc062723c751e8b465ee728b)
Start importing Assets/MinimalistBedroom/Textures/Misc/DirtyWindow_2k/DirtyWindow_metalic2_2k.png using Guid(b6e50ad4a5bc74e45a67e8291c51c385) Importer(815301076,1909f56bfc062723c751e8b465ee728b)  -> (artifact id: '4fd3c19b0bbe5d5e9353b26c2170a1d6') in 0.030245 seconds
Number of updated asset objects reloaded before import = 0
Number of asset objects unloaded after import = 2
========================================================================
Received Import Request.
  Time since last request: 0.044855 seconds.
  path: Assets/MinimalistBedroom/Textures/Misc/DirtyWindow_2k/DirtyWindow_normal_2k.png
  artifactKey: Guid(7967117ab0b62f14cb7e935569a567f7) Importer(815301076,1909f56bfc062723c751e8b465ee728b)
Start importing Assets/MinimalistBedroom/Textures/Misc/DirtyWindow_2k/DirtyWindow_normal_2k.png using Guid(7967117ab0b62f14cb7e935569a567f7) Importer(815301076,1909f56bfc062723c751e8b465ee728b)  -> (artifact id: 'b79c9049589698e3ca7345edf07d3cc9') in 0.056240 seconds
Number of updated asset objects reloaded before import = 0
Number of asset objects unloaded after import = 2
========================================================================
Received Import Request.
  Time since last request: 111.323301 seconds.
  path: Assets/MinimalistBedroom/Materials/Fabric/FabricWrinkled_2k/FabricWrinkled_2k_02.mat
  artifactKey: Guid(96668d316ec6b724a95d5917c7e17e78) Importer(815301076,1909f56bfc062723c751e8b465ee728b)
Start importing Assets/MinimalistBedroom/Materials/Fabric/FabricWrinkled_2k/FabricWrinkled_2k_02.mat using Guid(96668d316ec6b724a95d5917c7e17e78) Importer(815301076,1909f56bfc062723c751e8b465ee728b)  -> (artifact id: 'a7f5042a08cdbac1cd61b95ab0cd9eb2') in 0.019850 seconds
Number of updated asset objects reloaded before import = 0
Number of asset objects unloaded after import = 5
========================================================================
Received Import Request.
  Time since last request: 65.327802 seconds.
  path: Assets/MinimalistBedroom/Materials/Misc/StandardTexture_1k/StandardTexture_1k_02.mat
  artifactKey: Guid(e05b2ee910fd3104e82be1f4d53e2a58) Importer(815301076,1909f56bfc062723c751e8b465ee728b)
Start importing Assets/MinimalistBedroom/Materials/Misc/StandardTexture_1k/StandardTexture_1k_02.mat using Guid(e05b2ee910fd3104e82be1f4d53e2a58) Importer(815301076,1909f56bfc062723c751e8b465ee728b)  -> (artifact id: '5550251d3688d7d03f74ba765e7a8b57') in 0.019478 seconds
Number of updated asset objects reloaded before import = 0
Number of asset objects unloaded after import = 2
========================================================================
Received Prepare
Refreshing native plugins compatible for Editor in 2.38 ms, found 3 plugins.
Preloading 0 native plugins for Editor in 0.00 ms.
Unloading 1 Unused Serialized files (Serialized files now loaded: 0)
Unloading 2 unused Assets / (50.1 KB). Loaded Objects now: 4375.
Memory consumption went from 78.2 MB to 78.2 MB.
Total: 5.064600 ms (FindLiveObjects: 0.493200 ms CreateObjectMapping: 0.192500 ms MarkObjects: 4.300500 ms  DeleteObjects: 0.077200 ms)

Prepare: number of updated asset objects reloaded= 0
AssetImportParameters requested are different than current active one (requested -> active):
  custom:container-demuxer-ogg: 62fdf1f143b41e24485cea50d1cbac27 -> 
  custom:video-decoder-ogg-theora: a1e56fd34408186e4bbccfd4996cb3dc -> 
  custom:framework-win-MediaFoundation: 216162199b28c13a410421893ffa2e32 -> 
  custom:CustomObjectIndexerAttribute: 756ad292c208cfabdd7b50bc23989ffe -> 
  custom:container-demuxer-webm: 4f35f7cbe854078d1ac9338744f61a02 -> 
  custom:container-muxer-webm: aa71ff27fc2769a1b78a27578f13a17b -> 
  custom:video-decoder-webm-vp8: 9c59270c3fd7afecdb556c50c9e8de78 -> 
  custom:SearchIndexIgnoredProperties: e643bd26f0fe6173181afceb89e7c659 -> 
  custom:AudioImporter_EditorPlatform: d09bf68614088b80899f8185d706f6e7 -> 
  custom:video-encoder-webm-vp8: eb34c28f22e8b96e1ab97ce403110664 -> 
  custom:audio-decoder-ogg-vorbis: bf7c407c2cedff20999df2af8eb42d56 -> 
  custom:audio-encoder-webm-vorbis: bf7c407c2cedff20999df2af8eb42d56 -> 
========================================================================
Received Prepare
Begin MonoManager ReloadAssembly
- Loaded All Assemblies, in  0.496 seconds
Refreshing native plugins compatible for Editor in 2.46 ms, found 3 plugins.
Native extension for WindowsStandalone target not found
[Package Manager] Server::EnsureServerProcessIsRunning -- launch failed, reason: Unity was launched with the -noUpm command-line argument
[Package Manager] UpmClient::Send -- Unable to send message (not connected to UPM process).
[Package Manager] Cannot connect to Unity Package Manager local server
Mono: successfully reloaded assembly
- Finished resetting the current domain, in  1.429 seconds
Domain Reload Profiling: 1922ms
	BeginReloadAssembly (203ms)
		ExecutionOrderSort (0ms)
		DisableScriptedObjects (6ms)
		BackupInstance (0ms)
		ReleaseScriptingObjects (0ms)
		CreateAndSetChildDomain (45ms)
	RebuildCommonClasses (42ms)
	RebuildNativeTypeToScriptingClass (12ms)
	initialDomainReloadingComplete (27ms)
	LoadAllAssembliesAndSetupDomain (209ms)
		LoadAssemblies (304ms)
		RebuildTransferFunctionScriptingTraits (0ms)
		AnalyzeDomain (18ms)
			TypeCache.Refresh (7ms)
				TypeCache.ScanAssembly (0ms)
			ScanForSourceGeneratedMonoScriptInfo (0ms)
			ResolveRequiredComponents (8ms)
	FinalizeReload (1430ms)
		ReleaseScriptCaches (0ms)
		RebuildScriptCaches (0ms)
		SetupLoadedEditorAssemblies (843ms)
			LogAssemblyErrors (0ms)
			InitializePlatformSupportModulesInManaged (8ms)
			SetLoadedEditorAssemblies (6ms)
			RefreshPlugins (0ms)
			BeforeProcessingInitializeOnLoad (65ms)
			ProcessInitializeOnLoadAttributes (717ms)
			ProcessInitializeOnLoadMethodAttributes (37ms)
			AfterProcessingInitializeOnLoad (10ms)
			EditorAssembliesLoaded (1ms)
		ExecutionOrderSort2 (0ms)
		AwakeInstancesAfterBackupRestoration (15ms)
Refreshing native plugins compatible for Editor in 6.28 ms, found 3 plugins.
Preloading 0 native plugins for Editor in 0.00 ms.
Unloading 3838 Unused Serialized files (Serialized files now loaded: 0)
Unloading 25 unused Assets / (78.2 KB). Loaded Objects now: 4377.
Memory consumption went from 137.7 MB to 137.6 MB.
Total: 6.389100 ms (FindLiveObjects: 0.540500 ms CreateObjectMapping: 0.169300 ms MarkObjects: 5.474100 ms  DeleteObjects: 0.202500 ms)

Prepare: number of updated asset objects reloaded= 0
AssetImportParameters requested are different than current active one (requested -> active):
  custom:container-demuxer-ogg: 62fdf1f143b41e24485cea50d1cbac27 -> 
  custom:video-decoder-ogg-theora: a1e56fd34408186e4bbccfd4996cb3dc -> 
  custom:framework-win-MediaFoundation: 216162199b28c13a410421893ffa2e32 -> 
  custom:CustomObjectIndexerAttribute: 756ad292c208cfabdd7b50bc23989ffe -> 
  custom:container-demuxer-webm: 4f35f7cbe854078d1ac9338744f61a02 -> 
  custom:container-muxer-webm: aa71ff27fc2769a1b78a27578f13a17b -> 
  custom:video-decoder-webm-vp8: 9c59270c3fd7afecdb556c50c9e8de78 -> 
  custom:SearchIndexIgnoredProperties: e643bd26f0fe6173181afceb89e7c659 -> 
  custom:AudioImporter_EditorPlatform: d09bf68614088b80899f8185d706f6e7 -> 
  custom:video-encoder-webm-vp8: eb34c28f22e8b96e1ab97ce403110664 -> 
  custom:audio-decoder-ogg-vorbis: bf7c407c2cedff20999df2af8eb42d56 -> 
  custom:audio-encoder-webm-vorbis: bf7c407c2cedff20999df2af8eb42d56 -> 
========================================================================
Received Import Request.
  Time since last request: 161.684098 seconds.
  path: Packages/com.unity.probuilder/Content/Resources/Materials/Collider.mat
  artifactKey: Guid(bbb235fff4f48426b863b36058ab66d2) Importer(815301076,1909f56bfc062723c751e8b465ee728b)
Start importing Packages/com.unity.probuilder/Content/Resources/Materials/Collider.mat using Guid(bbb235fff4f48426b863b36058ab66d2) Importer(815301076,1909f56bfc062723c751e8b465ee728b)  -> (artifact id: '64fb118a2266e824d022340ddbaaebbc') in 0.760935 seconds
Number of updated asset objects reloaded before import = 0
Number of asset objects unloaded after import = 2
========================================================================
Received Import Request.
  Time since last request: 0.000039 seconds.
  path: Packages/com.unity.probuilder/Content/Resources/Materials/VertexPickerHDRP.mat
  artifactKey: Guid(7d5c9fc287a2aa945a98203d41282923) Importer(815301076,1909f56bfc062723c751e8b465ee728b)
Start importing Packages/com.unity.probuilder/Content/Resources/Materials/VertexPickerHDRP.mat using Guid(7d5c9fc287a2aa945a98203d41282923) Importer(815301076,1909f56bfc062723c751e8b465ee728b)  -> (artifact id: 'b0a06577cd833695e84163738668588a') in 0.036390 seconds
Number of updated asset objects reloaded before import = 0
Number of asset objects unloaded after import = 1
========================================================================
Received Import Request.
  Time since last request: 0.000046 seconds.
  path: Packages/com.unity.probuilder/Content/Resources/Materials/FacePicker.mat
  artifactKey: Guid(5695904020f064fdab5ad265b274a616) Importer(815301076,1909f56bfc062723c751e8b465ee728b)
Start importing Packages/com.unity.probuilder/Content/Resources/Materials/FacePicker.mat using Guid(5695904020f064fdab5ad265b274a616) Importer(815301076,1909f56bfc062723c751e8b465ee728b)  -> (artifact id: '6b394274d1a4afa41a394347ea22e4c8') in 0.053090 seconds
Number of updated asset objects reloaded before import = 0
Number of asset objects unloaded after import = 1
========================================================================
Received Import Request.
  Time since last request: 0.000725 seconds.
  path: Packages/com.unity.probuilder/Content/Resources/Materials/Trigger.mat
  artifactKey: Guid(a1e97cbf2538241b691aae8243b5fb10) Importer(815301076,1909f56bfc062723c751e8b465ee728b)
Start importing Packages/com.unity.probuilder/Content/Resources/Materials/Trigger.mat using Guid(a1e97cbf2538241b691aae8243b5fb10) Importer(815301076,1909f56bfc062723c751e8b465ee728b)  -> (artifact id: 'ed46858dc777bdde8df31a8fbb54e055') in 0.066747 seconds
Number of updated asset objects reloaded before import = 0
Number of asset objects unloaded after import = 2
========================================================================
Received Import Request.
  Time since last request: 0.000438 seconds.
  path: Packages/com.unity.probuilder/Content/Resources/Materials/ProBuilderDefault.mat
  artifactKey: Guid(c22777d6e868e4f2fb421913386b154e) Importer(815301076,1909f56bfc062723c751e8b465ee728b)
Start importing Packages/com.unity.probuilder/Content/Resources/Materials/ProBuilderDefault.mat using Guid(c22777d6e868e4f2fb421913386b154e) Importer(815301076,1909f56bfc062723c751e8b465ee728b)  -> (artifact id: '5f7a78debc389637248790d01f6d209c') in 0.434236 seconds
Number of updated asset objects reloaded before import = 0
Number of asset objects unloaded after import = 2
========================================================================
Received Prepare
Begin MonoManager ReloadAssembly
- Loaded All Assemblies, in  0.619 seconds
Refreshing native plugins compatible for Editor in 3.45 ms, found 3 plugins.
Native extension for WindowsStandalone target not found
[Package Manager] Server::EnsureServerProcessIsRunning -- launch failed, reason: Unity was launched with the -noUpm command-line argument
[Package Manager] UpmClient::Send -- Unable to send message (not connected to UPM process).
[Package Manager] Cannot connect to Unity Package Manager local server
Mono: successfully reloaded assembly
- Finished resetting the current domain, in  1.297 seconds
Domain Reload Profiling: 1913ms
	BeginReloadAssembly (232ms)
		ExecutionOrderSort (0ms)
		DisableScriptedObjects (8ms)
		BackupInstance (0ms)
		ReleaseScriptingObjects (0ms)
		CreateAndSetChildDomain (59ms)
	RebuildCommonClasses (47ms)
	RebuildNativeTypeToScriptingClass (29ms)
	initialDomainReloadingComplete (37ms)
	LoadAllAssembliesAndSetupDomain (271ms)
		LoadAssemblies (360ms)
		RebuildTransferFunctionScriptingTraits (0ms)
		AnalyzeDomain (36ms)
			TypeCache.Refresh (11ms)
				TypeCache.ScanAssembly (1ms)
			ScanForSourceGeneratedMonoScriptInfo (17ms)
			ResolveRequiredComponents (6ms)
	FinalizeReload (1298ms)
		ReleaseScriptCaches (0ms)
		RebuildScriptCaches (0ms)
		SetupLoadedEditorAssemblies (626ms)
			LogAssemblyErrors (0ms)
			InitializePlatformSupportModulesInManaged (9ms)
			SetLoadedEditorAssemblies (7ms)
			RefreshPlugins (0ms)
			BeforeProcessingInitializeOnLoad (106ms)
			ProcessInitializeOnLoadAttributes (469ms)
			ProcessInitializeOnLoadMethodAttributes (27ms)
			AfterProcessingInitializeOnLoad (9ms)
			EditorAssembliesLoaded (0ms)
		ExecutionOrderSort2 (0ms)
		AwakeInstancesAfterBackupRestoration (9ms)
Refreshing native plugins compatible for Editor in 3.67 ms, found 3 plugins.
Preloading 0 native plugins for Editor in 0.00 ms.
Unloading 3856 Unused Serialized files (Serialized files now loaded: 0)
Unloading 25 unused Assets / (70.1 KB). Loaded Objects now: 4400.
Memory consumption went from 137.9 MB to 137.8 MB.
Total: 3.753100 ms (FindLiveObjects: 0.341900 ms CreateObjectMapping: 0.206900 ms MarkObjects: 3.076800 ms  DeleteObjects: 0.125800 ms)

Prepare: number of updated asset objects reloaded= 0
AssetImportParameters requested are different than current active one (requested -> active):
  custom:container-demuxer-ogg: 62fdf1f143b41e24485cea50d1cbac27 -> 
  custom:video-decoder-ogg-theora: a1e56fd34408186e4bbccfd4996cb3dc -> 
  custom:framework-win-MediaFoundation: 216162199b28c13a410421893ffa2e32 -> 
  custom:CustomObjectIndexerAttribute: 756ad292c208cfabdd7b50bc23989ffe -> 
  custom:container-demuxer-webm: 4f35f7cbe854078d1ac9338744f61a02 -> 
  custom:container-muxer-webm: aa71ff27fc2769a1b78a27578f13a17b -> 
  custom:video-decoder-webm-vp8: 9c59270c3fd7afecdb556c50c9e8de78 -> 
  custom:SearchIndexIgnoredProperties: e643bd26f0fe6173181afceb89e7c659 -> 
  custom:AudioImporter_EditorPlatform: d09bf68614088b80899f8185d706f6e7 -> 
  custom:video-encoder-webm-vp8: eb34c28f22e8b96e1ab97ce403110664 -> 
  custom:audio-decoder-ogg-vorbis: bf7c407c2cedff20999df2af8eb42d56 -> 
  custom:audio-encoder-webm-vorbis: bf7c407c2cedff20999df2af8eb42d56 -> 
========================================================================
Received Prepare
Begin MonoManager ReloadAssembly
- Loaded All Assemblies, in  0.599 seconds
Refreshing native plugins compatible for Editor in 3.73 ms, found 3 plugins.
Native extension for WindowsStandalone target not found
[Package Manager] Server::EnsureServerProcessIsRunning -- launch failed, reason: Unity was launched with the -noUpm command-line argument
[Package Manager] UpmClient::Send -- Unable to send message (not connected to UPM process).
[Package Manager] Cannot connect to Unity Package Manager local server
Mono: successfully reloaded assembly
- Finished resetting the current domain, in  1.501 seconds
Domain Reload Profiling: 2098ms
	BeginReloadAssembly (202ms)
		ExecutionOrderSort (0ms)
		DisableScriptedObjects (7ms)
		BackupInstance (0ms)
		ReleaseScriptingObjects (0ms)
		CreateAndSetChildDomain (46ms)
	RebuildCommonClasses (54ms)
	RebuildNativeTypeToScriptingClass (15ms)
	initialDomainReloadingComplete (35ms)
	LoadAllAssembliesAndSetupDomain (290ms)
		LoadAssemblies (372ms)
		RebuildTransferFunctionScriptingTraits (0ms)
		AnalyzeDomain (16ms)
			TypeCache.Refresh (8ms)
				TypeCache.ScanAssembly (0ms)
			ScanForSourceGeneratedMonoScriptInfo (0ms)
			ResolveRequiredComponents (6ms)
	FinalizeReload (1502ms)
		ReleaseScriptCaches (0ms)
		RebuildScriptCaches (0ms)
		SetupLoadedEditorAssemblies (852ms)
			LogAssemblyErrors (0ms)
			InitializePlatformSupportModulesInManaged (6ms)
			SetLoadedEditorAssemblies (5ms)
			RefreshPlugins (0ms)
			BeforeProcessingInitializeOnLoad (88ms)
			ProcessInitializeOnLoadAttributes (701ms)
			ProcessInitializeOnLoadMethodAttributes (39ms)
			AfterProcessingInitializeOnLoad (13ms)
			EditorAssembliesLoaded (0ms)
		ExecutionOrderSort2 (0ms)
		AwakeInstancesAfterBackupRestoration (13ms)
Refreshing native plugins compatible for Editor in 8.99 ms, found 3 plugins.
Preloading 0 native plugins for Editor in 0.00 ms.
Unloading 3857 Unused Serialized files (Serialized files now loaded: 0)
Unloading 25 unused Assets / (70.0 KB). Loaded Objects now: 4403.
Memory consumption went from 138.2 MB to 138.1 MB.
Total: 6.136000 ms (FindLiveObjects: 0.370400 ms CreateObjectMapping: 0.186900 ms MarkObjects: 4.999400 ms  DeleteObjects: 0.575900 ms)

Prepare: number of updated asset objects reloaded= 0
AssetImportParameters requested are different than current active one (requested -> active):
  custom:container-demuxer-ogg: 62fdf1f143b41e24485cea50d1cbac27 -> 
  custom:video-decoder-ogg-theora: a1e56fd34408186e4bbccfd4996cb3dc -> 
  custom:framework-win-MediaFoundation: 216162199b28c13a410421893ffa2e32 -> 
  custom:CustomObjectIndexerAttribute: 756ad292c208cfabdd7b50bc23989ffe -> 
  custom:container-demuxer-webm: 4f35f7cbe854078d1ac9338744f61a02 -> 
  custom:container-muxer-webm: aa71ff27fc2769a1b78a27578f13a17b -> 
  custom:video-decoder-webm-vp8: 9c59270c3fd7afecdb556c50c9e8de78 -> 
  custom:SearchIndexIgnoredProperties: e643bd26f0fe6173181afceb89e7c659 -> 
  custom:AudioImporter_EditorPlatform: d09bf68614088b80899f8185d706f6e7 -> 
  custom:video-encoder-webm-vp8: eb34c28f22e8b96e1ab97ce403110664 -> 
  custom:audio-decoder-ogg-vorbis: bf7c407c2cedff20999df2af8eb42d56 -> 
  custom:audio-encoder-webm-vorbis: bf7c407c2cedff20999df2af8eb42d56 -> 
========================================================================
Received Prepare
Begin MonoManager ReloadAssembly
- Loaded All Assemblies, in  0.472 seconds
Refreshing native plugins compatible for Editor in 2.30 ms, found 3 plugins.
Native extension for WindowsStandalone target not found
[Package Manager] Server::EnsureServerProcessIsRunning -- launch failed, reason: Unity was launched with the -noUpm command-line argument
[Package Manager] UpmClient::Send -- Unable to send message (not connected to UPM process).
[Package Manager] Cannot connect to Unity Package Manager local server
Mono: successfully reloaded assembly
- Finished resetting the current domain, in  1.724 seconds
Domain Reload Profiling: 2192ms
	BeginReloadAssembly (177ms)
		ExecutionOrderSort (0ms)
		DisableScriptedObjects (8ms)
		BackupInstance (0ms)
		ReleaseScriptingObjects (0ms)
		CreateAndSetChildDomain (52ms)
	RebuildCommonClasses (33ms)
	RebuildNativeTypeToScriptingClass (17ms)
	initialDomainReloadingComplete (30ms)
	LoadAllAssembliesAndSetupDomain (210ms)
		LoadAssemblies (280ms)
		RebuildTransferFunctionScriptingTraits (0ms)
		AnalyzeDomain (13ms)
			TypeCache.Refresh (7ms)
				TypeCache.ScanAssembly (0ms)
			ScanForSourceGeneratedMonoScriptInfo (0ms)
			ResolveRequiredComponents (5ms)
	FinalizeReload (1725ms)
		ReleaseScriptCaches (0ms)
		RebuildScriptCaches (0ms)
		SetupLoadedEditorAssemblies (1017ms)
			LogAssemblyErrors (0ms)
			InitializePlatformSupportModulesInManaged (13ms)
			SetLoadedEditorAssemblies (9ms)
			RefreshPlugins (0ms)
			BeforeProcessingInitializeOnLoad (138ms)
			ProcessInitializeOnLoadAttributes (808ms)
			ProcessInitializeOnLoadMethodAttributes (39ms)
			AfterProcessingInitializeOnLoad (9ms)
			EditorAssembliesLoaded (0ms)
		ExecutionOrderSort2 (0ms)
		AwakeInstancesAfterBackupRestoration (13ms)
Refreshing native plugins compatible for Editor in 7.08 ms, found 3 plugins.
Preloading 0 native plugins for Editor in 0.00 ms.
Unloading 3857 Unused Serialized files (Serialized files now loaded: 0)
Unloading 25 unused Assets / (78.2 KB). Loaded Objects now: 4406.
Memory consumption went from 138.2 MB to 138.1 MB.
Total: 6.894200 ms (FindLiveObjects: 1.207100 ms CreateObjectMapping: 0.574600 ms MarkObjects: 4.950800 ms  DeleteObjects: 0.156300 ms)

Prepare: number of updated asset objects reloaded= 0
AssetImportParameters requested are different than current active one (requested -> active):
  custom:container-demuxer-ogg: 62fdf1f143b41e24485cea50d1cbac27 -> 
  custom:video-decoder-ogg-theora: a1e56fd34408186e4bbccfd4996cb3dc -> 
  custom:framework-win-MediaFoundation: 216162199b28c13a410421893ffa2e32 -> 
  custom:CustomObjectIndexerAttribute: 756ad292c208cfabdd7b50bc23989ffe -> 
  custom:container-demuxer-webm: 4f35f7cbe854078d1ac9338744f61a02 -> 
  custom:container-muxer-webm: aa71ff27fc2769a1b78a27578f13a17b -> 
  custom:video-decoder-webm-vp8: 9c59270c3fd7afecdb556c50c9e8de78 -> 
  custom:SearchIndexIgnoredProperties: e643bd26f0fe6173181afceb89e7c659 -> 
  custom:AudioImporter_EditorPlatform: d09bf68614088b80899f8185d706f6e7 -> 
  custom:video-encoder-webm-vp8: eb34c28f22e8b96e1ab97ce403110664 -> 
  custom:audio-decoder-ogg-vorbis: bf7c407c2cedff20999df2af8eb42d56 -> 
  custom:audio-encoder-webm-vorbis: bf7c407c2cedff20999df2af8eb42d56 -> 
